<?xml version="1.0" encoding="UTF-8"?>
<coverage generated="1623547740252" clover="3.2.0">
  <project timestamp="1623547740252" name="All files">
    <metrics statements="35" coveredstatements="28" conditionals="8" coveredconditionals="3" methods="11" coveredmethods="9" elements="54" coveredelements="40" complexity="0" loc="35" ncloc="35" packages="4" files="13" classes="13"/>
    <package name="src">
      <metrics statements="16" coveredstatements="13" conditionals="4" coveredconditionals="1" methods="6" coveredmethods="6"/>
      <file name="App.js" path="/Users/MohammedSaif/Desktop/post-grad-ed/technical-assignments/w3-w4/Assignment-DatHuis/src/App.js">
        <metrics statements="2" coveredstatements="2" conditionals="0" coveredconditionals="0" methods="1" coveredmethods="1"/>
        <line num="5" count="1" type="stmt"/>
        <line num="6" count="1" type="stmt"/>
      </file>
      <file name="HotApp.js" path="/Users/MohammedSaif/Desktop/post-grad-ed/technical-assignments/w3-w4/Assignment-DatHuis/src/HotApp.js">
        <metrics statements="0" coveredstatements="0" conditionals="0" coveredconditionals="0" methods="0" coveredmethods="0"/>
      </file>
      <file name="MainPage.js" path="/Users/MohammedSaif/Desktop/post-grad-ed/technical-assignments/w3-w4/Assignment-DatHuis/src/MainPage.js">
        <metrics statements="13" coveredstatements="11" conditionals="4" coveredconditionals="1" methods="5" coveredmethods="5"/>
        <line num="7" count="1" type="stmt"/>
        <line num="8" count="2" type="stmt"/>
        <line num="9" count="2" type="stmt"/>
        <line num="11" count="2" type="stmt"/>
        <line num="12" count="1000" type="stmt"/>
        <line num="13" count="1000" type="stmt"/>
        <line num="14" count="1" type="stmt"/>
        <line num="17" count="2" type="stmt"/>
        <line num="18" count="985" type="cond" truecount="1" falsecount="1"/>
        <line num="19" count="985" type="stmt"/>
        <line num="20" count="0" type="cond" truecount="0" falsecount="2"/>
        <line num="21" count="0" type="stmt"/>
        <line num="25" count="2" type="stmt"/>
      </file>
      <file name="entry.js" path="/Users/MohammedSaif/Desktop/post-grad-ed/technical-assignments/w3-w4/Assignment-DatHuis/src/entry.js">
        <metrics statements="1" coveredstatements="0" conditionals="0" coveredconditionals="0" methods="0" coveredmethods="0"/>
        <line num="10" count="0" type="stmt"/>
      </file>
    </package>
    <package name="src.components">
      <metrics statements="9" coveredstatements="7" conditionals="4" coveredconditionals="2" methods="5" coveredmethods="3"/>
      <file name="DropDownMenu.js" path="/Users/MohammedSaif/Desktop/post-grad-ed/technical-assignments/w3-w4/Assignment-DatHuis/src/components/DropDownMenu.js">
        <metrics statements="5" coveredstatements="4" conditionals="4" coveredconditionals="2" methods="3" coveredmethods="2"/>
        <line num="4" count="1" type="stmt"/>
        <line num="5" count="2" type="stmt"/>
        <line num="6" count="0" type="stmt"/>
        <line num="9" count="2" type="stmt"/>
        <line num="16" count="985" type="stmt"/>
      </file>
      <file name="InputField.js" path="/Users/MohammedSaif/Desktop/post-grad-ed/technical-assignments/w3-w4/Assignment-DatHuis/src/components/InputField.js">
        <metrics statements="4" coveredstatements="3" conditionals="0" coveredconditionals="0" methods="2" coveredmethods="1"/>
        <line num="7" count="1" type="stmt"/>
        <line num="8" count="2" type="stmt"/>
        <line num="9" count="0" type="stmt"/>
        <line num="12" count="2" type="stmt"/>
      </file>
    </package>
    <package name="src.components.styled">
      <metrics statements="8" coveredstatements="8" conditionals="0" coveredconditionals="0" methods="0" coveredmethods="0"/>
      <file name="appContainer.style.js" path="/Users/MohammedSaif/Desktop/post-grad-ed/technical-assignments/w3-w4/Assignment-DatHuis/src/components/styled/appContainer.style.js">
        <metrics statements="1" coveredstatements="1" conditionals="0" coveredconditionals="0" methods="0" coveredmethods="0"/>
        <line num="3" count="1" type="stmt"/>
      </file>
      <file name="dropDownMenu.style.js" path="/Users/MohammedSaif/Desktop/post-grad-ed/technical-assignments/w3-w4/Assignment-DatHuis/src/components/styled/dropDownMenu.style.js">
        <metrics statements="2" coveredstatements="2" conditionals="0" coveredconditionals="0" methods="0" coveredmethods="0"/>
        <line num="4" count="1" type="stmt"/>
        <line num="32" count="1" type="stmt"/>
      </file>
      <file name="inputField.styles.js" path="/Users/MohammedSaif/Desktop/post-grad-ed/technical-assignments/w3-w4/Assignment-DatHuis/src/components/styled/inputField.styles.js">
        <metrics statements="1" coveredstatements="1" conditionals="0" coveredconditionals="0" methods="0" coveredmethods="0"/>
        <line num="3" count="1" type="stmt"/>
      </file>
      <file name="labels.style.js" path="/Users/MohammedSaif/Desktop/post-grad-ed/technical-assignments/w3-w4/Assignment-DatHuis/src/components/styled/labels.style.js">
        <metrics statements="3" coveredstatements="3" conditionals="0" coveredconditionals="0" methods="0" coveredmethods="0"/>
        <line num="4" count="1" type="stmt"/>
        <line num="20" count="1" type="stmt"/>
        <line num="41" count="1" type="stmt"/>
      </file>
      <file name="wrapper.style.js" path="/Users/MohammedSaif/Desktop/post-grad-ed/technical-assignments/w3-w4/Assignment-DatHuis/src/components/styled/wrapper.style.js">
        <metrics statements="1" coveredstatements="1" conditionals="0" coveredconditionals="0" methods="0" coveredmethods="0"/>
        <line num="3" count="1" type="stmt"/>
      </file>
    </package>
    <package name="src.theme">
      <metrics statements="2" coveredstatements="0" conditionals="0" coveredconditionals="0" methods="0" coveredmethods="0"/>
      <file name="globalStyles.style.js" path="/Users/MohammedSaif/Desktop/post-grad-ed/technical-assignments/w3-w4/Assignment-DatHuis/src/theme/globalStyles.style.js">
        <metrics statements="1" coveredstatements="0" conditionals="0" coveredconditionals="0" methods="0" coveredmethods="0"/>
        <line num="3" count="0" type="stmt"/>
      </file>
      <file name="theme.style.js" path="/Users/MohammedSaif/Desktop/post-grad-ed/technical-assignments/w3-w4/Assignment-DatHuis/src/theme/theme.style.js">
        <metrics statements="1" coveredstatements="0" conditionals="0" coveredconditionals="0" methods="0" coveredmethods="0"/>
        <line num="1" count="0" type="stmt"/>
      </file>
    </package>
  </project>
</coverage>
