{"/Users/MohammedSaif/Desktop/post-grad-ed/technical-assignments/w3-w4/Assignment-DatHuis/src/App.js": {"path":"/Users/MohammedSaif/Desktop/post-grad-ed/technical-assignments/w3-w4/Assignment-DatHuis/src/App.js","statementMap":{"0":{"start":{"line":3,"column":12},"end":{"line":13,"column":1}},"1":{"start":{"line":4,"column":2},"end":{"line":12,"column":4}}},"fnMap":{"0":{"name":"(anonymous_0)","decl":{"start":{"line":3,"column":12},"end":{"line":3,"column":13}},"loc":{"start":{"line":3,"column":18},"end":{"line":13,"column":1}},"line":3}},"branchMap":{},"s":{"0":1,"1":1},"f":{"0":1},"b":{},"_coverageSchema":"43e27e138ebf9cfc5966b082cf9a028302ed4184","hash":"98f47c7d5c242cff5803ce53b5ff124d7fe7c207"}
,"/Users/MohammedSaif/Desktop/post-grad-ed/technical-assignments/w3-w4/Assignment-DatHuis/src/HotApp.js": {"path":"/Users/MohammedSaif/Desktop/post-grad-ed/technical-assignments/w3-w4/Assignment-DatHuis/src/HotApp.js","statementMap":{},"fnMap":{},"branchMap":{},"s":{},"f":{},"b":{},"hash":"9dc0a674deee579ac0ddc9e471f362fb5a785bef"}
,"/Users/MohammedSaif/Desktop/post-grad-ed/technical-assignments/w3-w4/Assignment-DatHuis/src/entry.js": {"path":"/Users/MohammedSaif/Desktop/post-grad-ed/technical-assignments/w3-w4/Assignment-DatHuis/src/entry.js","statementMap":{"0":{"start":{"line":7,"column":0},"end":{"line":7,"column":60}}},"fnMap":{},"branchMap":{},"s":{"0":0},"f":{},"b":{},"hash":"9b465744445005038c657a3f1b81a55d9396eb8a"}
}
