{"/Users/MohammedSaif/Desktop/post-grad-ed/technical-assignments/w3-w4/Assignment-DatHuis/src/App.js": {"path":"/Users/MohammedSaif/Desktop/post-grad-ed/technical-assignments/w3-w4/Assignment-DatHuis/src/App.js","statementMap":{"0":{"start":{"line":5,"column":12},"end":{"line":11,"column":1}},"1":{"start":{"line":6,"column":2},"end":{"line":10,"column":4}}},"fnMap":{"0":{"name":"(anonymous_0)","decl":{"start":{"line":5,"column":12},"end":{"line":5,"column":13}},"loc":{"start":{"line":5,"column":18},"end":{"line":11,"column":1}},"line":5}},"branchMap":{},"s":{"0":1,"1":1},"f":{"0":1},"b":{},"_coverageSchema":"43e27e138ebf9cfc5966b082cf9a028302ed4184","hash":"e0f57986acaa6513891316b6b4dc665cbc82eef3"}
,"/Users/MohammedSaif/Desktop/post-grad-ed/technical-assignments/w3-w4/Assignment-DatHuis/src/HotApp.js": {"path":"/Users/MohammedSaif/Desktop/post-grad-ed/technical-assignments/w3-w4/Assignment-DatHuis/src/HotApp.js","statementMap":{},"fnMap":{},"branchMap":{},"s":{},"f":{},"b":{},"hash":"9dc0a674deee579ac0ddc9e471f362fb5a785bef"}
,"/Users/MohammedSaif/Desktop/post-grad-ed/technical-assignments/w3-w4/Assignment-DatHuis/src/MainPage.js": {"path":"/Users/MohammedSaif/Desktop/post-grad-ed/technical-assignments/w3-w4/Assignment-DatHuis/src/MainPage.js","statementMap":{"0":{"start":{"line":7,"column":17},"end":{"line":40,"column":1}},"1":{"start":{"line":8,"column":36},"end":{"line":8,"column":48}},"2":{"start":{"line":9,"column":42},"end":{"line":9,"column":54}},"3":{"start":{"line":11,"column":2},"end":{"line":15,"column":9}},"4":{"start":{"line":12,"column":25},"end":{"line":12,"column":58}},"5":{"start":{"line":12,"column":48},"end":{"line":12,"column":57}},"6":{"start":{"line":13,"column":24},"end":{"line":13,"column":61}},"7":{"start":{"line":13,"column":51},"end":{"line":13,"column":60}},"8":{"start":{"line":14,"column":4},"end":{"line":14,"column":30}},"9":{"start":{"line":17,"column":24},"end":{"line":23,"column":4}},"10":{"start":{"line":18,"column":4},"end":{"line":22,"column":5}},"11":{"start":{"line":19,"column":6},"end":{"line":19,"column":18}},"12":{"start":{"line":20,"column":11},"end":{"line":22,"column":5}},"13":{"start":{"line":21,"column":6},"end":{"line":21,"column":18}},"14":{"start":{"line":25,"column":2},"end":{"line":39,"column":4}}},"fnMap":{"0":{"name":"(anonymous_0)","decl":{"start":{"line":7,"column":17},"end":{"line":7,"column":18}},"loc":{"start":{"line":7,"column":23},"end":{"line":40,"column":1}},"line":7},"1":{"name":"(anonymous_1)","decl":{"start":{"line":11,"column":12},"end":{"line":11,"column":13}},"loc":{"start":{"line":11,"column":18},"end":{"line":15,"column":3}},"line":11},"2":{"name":"(anonymous_2)","decl":{"start":{"line":12,"column":38},"end":{"line":12,"column":39}},"loc":{"start":{"line":12,"column":48},"end":{"line":12,"column":57}},"line":12},"3":{"name":"(anonymous_3)","decl":{"start":{"line":13,"column":44},"end":{"line":13,"column":45}},"loc":{"start":{"line":13,"column":51},"end":{"line":13,"column":60}},"line":13},"4":{"name":"(anonymous_4)","decl":{"start":{"line":17,"column":41},"end":{"line":17,"column":42}},"loc":{"start":{"line":17,"column":51},"end":{"line":23,"column":3}},"line":17}},"branchMap":{"0":{"loc":{"start":{"line":18,"column":4},"end":{"line":22,"column":5}},"type":"if","locations":[{"start":{"line":18,"column":4},"end":{"line":22,"column":5}},{"start":{"line":18,"column":4},"end":{"line":22,"column":5}}],"line":18},"1":{"loc":{"start":{"line":20,"column":11},"end":{"line":22,"column":5}},"type":"if","locations":[{"start":{"line":20,"column":11},"end":{"line":22,"column":5}},{"start":{"line":20,"column":11},"end":{"line":22,"column":5}}],"line":20}},"s":{"0":1,"1":2,"2":2,"3":2,"4":1,"5":1000,"6":1,"7":1000,"8":1,"9":2,"10":985,"11":985,"12":0,"13":0,"14":2},"f":{"0":2,"1":1,"2":1000,"3":1000,"4":985},"b":{"0":[985,0],"1":[0,0]},"_coverageSchema":"43e27e138ebf9cfc5966b082cf9a028302ed4184","hash":"634231e26c00e1284fe94595f7964f895394bb4b"}
,"/Users/MohammedSaif/Desktop/post-grad-ed/technical-assignments/w3-w4/Assignment-DatHuis/src/entry.js": {"path":"/Users/MohammedSaif/Desktop/post-grad-ed/technical-assignments/w3-w4/Assignment-DatHuis/src/entry.js","statementMap":{"0":{"start":{"line":10,"column":0},"end":{"line":16,"column":2}}},"fnMap":{},"branchMap":{},"s":{"0":0},"f":{},"b":{},"hash":"0ded1b134c159430103a901ebfc78cfedb8e9b2e"}
,"/Users/MohammedSaif/Desktop/post-grad-ed/technical-assignments/w3-w4/Assignment-DatHuis/src/components/DropDownMenu.js": {"path":"/Users/MohammedSaif/Desktop/post-grad-ed/technical-assignments/w3-w4/Assignment-DatHuis/src/components/DropDownMenu.js","statementMap":{"0":{"start":{"line":4,"column":21},"end":{"line":24,"column":1}},"1":{"start":{"line":5,"column":24},"end":{"line":7,"column":3}},"2":{"start":{"line":6,"column":4},"end":{"line":6,"column":36}},"3":{"start":{"line":9,"column":2},"end":{"line":23,"column":4}},"4":{"start":{"line":16,"column":12},"end":{"line":18,"column":27}}},"fnMap":{"0":{"name":"(anonymous_0)","decl":{"start":{"line":4,"column":21},"end":{"line":4,"column":22}},"loc":{"start":{"line":4,"column":73},"end":{"line":24,"column":1}},"line":4},"1":{"name":"(anonymous_1)","decl":{"start":{"line":5,"column":24},"end":{"line":5,"column":25}},"loc":{"start":{"line":5,"column":31},"end":{"line":7,"column":3}},"line":5},"2":{"name":"(anonymous_2)","decl":{"start":{"line":15,"column":28},"end":{"line":15,"column":29}},"loc":{"start":{"line":16,"column":12},"end":{"line":18,"column":27}},"line":16}},"branchMap":{"0":{"loc":{"start":{"line":12,"column":9},"end":{"line":20,"column":9}},"type":"cond-expr","locations":[{"start":{"line":13,"column":10},"end":{"line":13,"column":41}},{"start":{"line":15,"column":10},"end":{"line":19,"column":12}}],"line":12},"1":{"loc":{"start":{"line":12,"column":9},"end":{"line":12,"column":51}},"type":"binary-expr","locations":[{"start":{"line":12,"column":9},"end":{"line":12,"column":21}},{"start":{"line":12,"column":25},"end":{"line":12,"column":51}}],"line":12}},"s":{"0":1,"1":2,"2":0,"3":2,"4":985},"f":{"0":2,"1":0,"2":985},"b":{"0":[0,2],"1":[2,0]},"_coverageSchema":"43e27e138ebf9cfc5966b082cf9a028302ed4184","hash":"9e8b86927eea51f671970b469a7604d7408065bc"}
,"/Users/MohammedSaif/Desktop/post-grad-ed/technical-assignments/w3-w4/Assignment-DatHuis/src/components/InputField.js": {"path":"/Users/MohammedSaif/Desktop/post-grad-ed/technical-assignments/w3-w4/Assignment-DatHuis/src/components/InputField.js","statementMap":{"0":{"start":{"line":7,"column":19},"end":{"line":34,"column":1}},"1":{"start":{"line":8,"column":23},"end":{"line":10,"column":3}},"2":{"start":{"line":9,"column":4},"end":{"line":9,"column":36}},"3":{"start":{"line":12,"column":2},"end":{"line":33,"column":4}}},"fnMap":{"0":{"name":"(anonymous_0)","decl":{"start":{"line":7,"column":19},"end":{"line":7,"column":20}},"loc":{"start":{"line":7,"column":56},"end":{"line":34,"column":1}},"line":7},"1":{"name":"(anonymous_1)","decl":{"start":{"line":8,"column":23},"end":{"line":8,"column":24}},"loc":{"start":{"line":8,"column":30},"end":{"line":10,"column":3}},"line":8}},"branchMap":{},"s":{"0":1,"1":2,"2":0,"3":2},"f":{"0":2,"1":0},"b":{},"_coverageSchema":"43e27e138ebf9cfc5966b082cf9a028302ed4184","hash":"2afa59641d59de7fe17ad2d67e588bcc291d380b"}
,"/Users/MohammedSaif/Desktop/post-grad-ed/technical-assignments/w3-w4/Assignment-DatHuis/src/components/styled/appContainer.style.js": {"path":"/Users/MohammedSaif/Desktop/post-grad-ed/technical-assignments/w3-w4/Assignment-DatHuis/src/components/styled/appContainer.style.js","statementMap":{"0":{"start":{"line":3,"column":28},"end":{"line":9,"column":1}}},"fnMap":{},"branchMap":{},"s":{"0":1},"f":{},"b":{},"_coverageSchema":"43e27e138ebf9cfc5966b082cf9a028302ed4184","hash":"42991835177d5761c601019312a3790de6bfb4e0"}
,"/Users/MohammedSaif/Desktop/post-grad-ed/technical-assignments/w3-w4/Assignment-DatHuis/src/components/styled/dropDownMenu.style.js": {"path":"/Users/MohammedSaif/Desktop/post-grad-ed/technical-assignments/w3-w4/Assignment-DatHuis/src/components/styled/dropDownMenu.style.js","statementMap":{"0":{"start":{"line":4,"column":34},"end":{"line":31,"column":1}},"1":{"start":{"line":32,"column":28},"end":{"line":43,"column":1}}},"fnMap":{},"branchMap":{},"s":{"0":1,"1":1},"f":{},"b":{},"_coverageSchema":"43e27e138ebf9cfc5966b082cf9a028302ed4184","hash":"fa54fb399a7bd90c6a58e066358d809f9b4202b9"}
,"/Users/MohammedSaif/Desktop/post-grad-ed/technical-assignments/w3-w4/Assignment-DatHuis/src/components/styled/inputField.styles.js": {"path":"/Users/MohammedSaif/Desktop/post-grad-ed/technical-assignments/w3-w4/Assignment-DatHuis/src/components/styled/inputField.styles.js","statementMap":{"0":{"start":{"line":3,"column":32},"end":{"line":17,"column":1}}},"fnMap":{},"branchMap":{},"s":{"0":1},"f":{},"b":{},"_coverageSchema":"43e27e138ebf9cfc5966b082cf9a028302ed4184","hash":"022a737e63a383d18ef6d48018083421d5c7d7d3"}
,"/Users/MohammedSaif/Desktop/post-grad-ed/technical-assignments/w3-w4/Assignment-DatHuis/src/components/styled/labels.style.js": {"path":"/Users/MohammedSaif/Desktop/post-grad-ed/technical-assignments/w3-w4/Assignment-DatHuis/src/components/styled/labels.style.js","statementMap":{"0":{"start":{"line":4,"column":25},"end":{"line":19,"column":1}},"1":{"start":{"line":20,"column":28},"end":{"line":39,"column":1}},"2":{"start":{"line":41,"column":26},"end":{"line":53,"column":1}}},"fnMap":{},"branchMap":{},"s":{"0":1,"1":1,"2":1},"f":{},"b":{},"_coverageSchema":"43e27e138ebf9cfc5966b082cf9a028302ed4184","hash":"27f8b7f6c8192c26a376d9f5fc75233e6d394dce"}
,"/Users/MohammedSaif/Desktop/post-grad-ed/technical-assignments/w3-w4/Assignment-DatHuis/src/components/styled/wrapper.style.js": {"path":"/Users/MohammedSaif/Desktop/post-grad-ed/technical-assignments/w3-w4/Assignment-DatHuis/src/components/styled/wrapper.style.js","statementMap":{"0":{"start":{"line":3,"column":29},"end":{"line":7,"column":1}}},"fnMap":{},"branchMap":{},"s":{"0":1},"f":{},"b":{},"_coverageSchema":"43e27e138ebf9cfc5966b082cf9a028302ed4184","hash":"81a244b6cc76df052ff9675abeb4047570f8a083"}
,"/Users/MohammedSaif/Desktop/post-grad-ed/technical-assignments/w3-w4/Assignment-DatHuis/src/theme/globalStyles.style.js": {"path":"/Users/MohammedSaif/Desktop/post-grad-ed/technical-assignments/w3-w4/Assignment-DatHuis/src/theme/globalStyles.style.js","statementMap":{"0":{"start":{"line":3,"column":20},"end":{"line":16,"column":1}}},"fnMap":{},"branchMap":{},"s":{"0":0},"f":{},"b":{},"hash":"4e80051c097c7aaff6b637669715121a49f8d1a6"}
,"/Users/MohammedSaif/Desktop/post-grad-ed/technical-assignments/w3-w4/Assignment-DatHuis/src/theme/theme.style.js": {"path":"/Users/MohammedSaif/Desktop/post-grad-ed/technical-assignments/w3-w4/Assignment-DatHuis/src/theme/theme.style.js","statementMap":{"0":{"start":{"line":1,"column":14},"end":{"line":10,"column":1}}},"fnMap":{},"branchMap":{},"s":{"0":0},"f":{},"b":{},"hash":"a05a733e1a40e530a37f3f93a584e911a028a589"}
}
