TN:
SF:/Users/MohammedSaif/Desktop/post-grad-ed/technical-assignments/w3-w4/Assignment-DatHuis/src/App.js
FN:5,(anonymous_0)
FNF:1
FNH:1
FNDA:1,(anonymous_0)
DA:5,1
DA:6,1
LF:2
LH:2
BRF:0
BRH:0
end_of_record
TN:
SF:/Users/MohammedSaif/Desktop/post-grad-ed/technical-assignments/w3-w4/Assignment-DatHuis/src/HotApp.js
FNF:0
FNH:0
LF:0
LH:0
BRF:0
BRH:0
end_of_record
TN:
SF:/Users/MohammedSaif/Desktop/post-grad-ed/technical-assignments/w3-w4/Assignment-DatHuis/src/MainPage.js
FN:7,(anonymous_0)
FN:11,(anonymous_1)
FN:12,(anonymous_2)
FN:13,(anonymous_3)
FN:17,(anonymous_4)
FNF:5
FNH:5
FNDA:2,(anonymous_0)
FNDA:1,(anonymous_1)
FNDA:1000,(anonymous_2)
FNDA:1000,(anonymous_3)
FNDA:985,(anonymous_4)
DA:7,1
DA:8,2
DA:9,2
DA:11,2
DA:12,1000
DA:13,1000
DA:14,1
DA:17,2
DA:18,985
DA:19,985
DA:20,0
DA:21,0
DA:25,2
LF:13
LH:11
BRDA:18,0,0,985
BRDA:18,0,1,0
BRDA:20,1,0,0
BRDA:20,1,1,0
BRF:4
BRH:1
end_of_record
TN:
SF:/Users/MohammedSaif/Desktop/post-grad-ed/technical-assignments/w3-w4/Assignment-DatHuis/src/entry.js
FNF:0
FNH:0
DA:10,0
LF:1
LH:0
BRF:0
BRH:0
end_of_record
TN:
SF:/Users/MohammedSaif/Desktop/post-grad-ed/technical-assignments/w3-w4/Assignment-DatHuis/src/components/DropDownMenu.js
FN:4,(anonymous_0)
FN:5,(anonymous_1)
FN:15,(anonymous_2)
FNF:3
FNH:2
FNDA:2,(anonymous_0)
FNDA:0,(anonymous_1)
FNDA:985,(anonymous_2)
DA:4,1
DA:5,2
DA:6,0
DA:9,2
DA:16,985
LF:5
LH:4
BRDA:12,0,0,0
BRDA:12,0,1,2
BRDA:12,1,0,2
BRDA:12,1,1,0
BRF:4
BRH:2
end_of_record
TN:
SF:/Users/MohammedSaif/Desktop/post-grad-ed/technical-assignments/w3-w4/Assignment-DatHuis/src/components/InputField.js
FN:7,(anonymous_0)
FN:8,(anonymous_1)
FNF:2
FNH:1
FNDA:2,(anonymous_0)
FNDA:0,(anonymous_1)
DA:7,1
DA:8,2
DA:9,0
DA:12,2
LF:4
LH:3
BRF:0
BRH:0
end_of_record
TN:
SF:/Users/MohammedSaif/Desktop/post-grad-ed/technical-assignments/w3-w4/Assignment-DatHuis/src/components/styled/appContainer.style.js
FNF:0
FNH:0
DA:3,1
LF:1
LH:1
BRF:0
BRH:0
end_of_record
TN:
SF:/Users/MohammedSaif/Desktop/post-grad-ed/technical-assignments/w3-w4/Assignment-DatHuis/src/components/styled/dropDownMenu.style.js
FNF:0
FNH:0
DA:4,1
DA:32,1
LF:2
LH:2
BRF:0
BRH:0
end_of_record
TN:
SF:/Users/MohammedSaif/Desktop/post-grad-ed/technical-assignments/w3-w4/Assignment-DatHuis/src/components/styled/inputField.styles.js
FNF:0
FNH:0
DA:3,1
LF:1
LH:1
BRF:0
BRH:0
end_of_record
TN:
SF:/Users/MohammedSaif/Desktop/post-grad-ed/technical-assignments/w3-w4/Assignment-DatHuis/src/components/styled/labels.style.js
FNF:0
FNH:0
DA:4,1
DA:20,1
DA:41,1
LF:3
LH:3
BRF:0
BRH:0
end_of_record
TN:
SF:/Users/MohammedSaif/Desktop/post-grad-ed/technical-assignments/w3-w4/Assignment-DatHuis/src/components/styled/wrapper.style.js
FNF:0
FNH:0
DA:3,1
LF:1
LH:1
BRF:0
BRH:0
end_of_record
TN:
SF:/Users/MohammedSaif/Desktop/post-grad-ed/technical-assignments/w3-w4/Assignment-DatHuis/src/theme/globalStyles.style.js
FNF:0
FNH:0
DA:3,0
LF:1
LH:0
BRF:0
BRH:0
end_of_record
TN:
SF:/Users/MohammedSaif/Desktop/post-grad-ed/technical-assignments/w3-w4/Assignment-DatHuis/src/theme/theme.style.js
FNF:0
FNH:0
DA:1,0
LF:1
LH:0
BRF:0
BRH:0
end_of_record
