{"/Users/robvk/Projects/dh-frontend-assignment/src/App.js": {"path":"/Users/robvk/Projects/dh-frontend-assignment/src/App.js","statementMap":{"0":{"start":{"line":3,"column":12},"end":{"line":13,"column":1}},"1":{"start":{"line":4,"column":2},"end":{"line":12,"column":4}}},"fnMap":{"0":{"name":"(anonymous_0)","decl":{"start":{"line":3,"column":12},"end":{"line":3,"column":13}},"loc":{"start":{"line":3,"column":18},"end":{"line":13,"column":1}},"line":3}},"branchMap":{},"s":{"0":1,"1":1},"f":{"0":1},"b":{},"_coverageSchema":"43e27e138ebf9cfc5966b082cf9a028302ed4184","hash":"19cf5b3a5d7b23f0ce0e40190da2bb2de753e87b"}
,"/Users/robvk/Projects/dh-frontend-assignment/src/HotApp.js": {"path":"/Users/robvk/Projects/dh-frontend-assignment/src/HotApp.js","statementMap":{},"fnMap":{},"branchMap":{},"s":{},"f":{},"b":{},"hash":"166b61b599abc051704a9e01cb123f57b38fc25b"}
,"/Users/robvk/Projects/dh-frontend-assignment/src/entry.js": {"path":"/Users/robvk/Projects/dh-frontend-assignment/src/entry.js","statementMap":{"0":{"start":{"line":7,"column":0},"end":{"line":7,"column":60}}},"fnMap":{},"branchMap":{},"s":{"0":0},"f":{},"b":{},"hash":"f75722a2ed3785b7f49b800f0d01dacf4aed30ef"}
}
